# JRE version: OpenJDK Runtime Environment Temurin-21.0.8+9 (21.0.8+9) (build 21.0.8+9-LTS)
# Java VM: OpenJDK 64-Bit Server VM Temurin-21.0.8+9 (21.0.8+9-LTS, mixed mode, sharing, tiered, compressed oops, compressed class ptrs, parallel gc, windows-amd64)
GC Precious Log:
 CardTable entry size: 512
 CPUs: 12 total, 12 available
 Memory: 8013M
 Large Page Support: Disabled
 NUMA Support: Disabled
 Compressed Oops: Enabled (32-bit)
 Alignments: Space 512K, Generation 512K, Heap 2M
 Heap Min Capacity: 100M
 Heap Initial Capacity: 100M
 Heap Max Capacity: 2G
 Pre-touch: Disabled
 Parallel Workers: 10
Heap:
 PSYoungGen      total 3072K, used 2216K [0x00000000d5580000, 0x00000000d5a80000, 0x0000000100000000)
  eden space 2560K, 74% used [0x00000000d5580000,0x00000000d575a190,0x00000000d5800000)
  from space 512K, 62% used [0x00000000d5a00000,0x00000000d5a50000,0x00000000d5a80000)
  to   space 512K, 0% used [0x00000000d5800000,0x00000000d5800000,0x00000000d5880000)
 ParOldGen       total 140800K, used 140311K [0x0000000080000000, 0x0000000088980000, 0x00000000d5580000)
  object space 140800K, 99% used [0x0000000080000000,0x0000000088905d48,0x0000000088980000)
 Metaspace       used 75734K, committed 77376K, reserved 1179648K
  class space    used 8397K, committed 9088K, reserved 1048576K
GC Heap History (20 events):
Event: 267.065 GC heap before
{Heap before GC invocations=96 (full 3):
 PSYoungGen      total 3072K, used 3072K [0x00000000d5580000, 0x00000000d5b00000, 0x0000000100000000)
  eden space 2560K, 100% used [0x00000000d5580000,0x00000000d5800000,0x00000000d5800000)
  from space 512K, 100% used [0x00000000d5980000,0x00000000d5a00000,0x00000000d5a00000)
  to   space 1536K, 0% used [0x00000000d5800000,0x00000000d5800000,0x00000000d5980000)
 ParOldGen       total 126464K, used 126295K [0x0000000080000000, 0x0000000087b80000, 0x00000000d5580000)
  object space 126464K, 99% used [0x0000000080000000,0x0000000087b55eb0,0x0000000087b80000)
 Metaspace       used 75304K, committed 76928K, reserved 1179648K
  class space    used 8364K, committed 9088K, reserved 1048576K
}
Event: 267.071 GC heap after
{Heap after GC invocations=96 (full 3):
 PSYoungGen      total 4096K, used 1088K [0x00000000d5580000, 0x00000000d5b00000, 0x0000000100000000)
  eden space 2560K, 0% used [0x00000000d5580000,0x00000000d5580000,0x00000000d5800000)
  from space 1536K, 70% used [0x00000000d5800000,0x00000000d5910000,0x00000000d5980000)
  to   space 1536K, 0% used [0x00000000d5980000,0x00000000d5980000,0x00000000d5b00000)
 ParOldGen       total 126976K, used 126838K [0x0000000080000000, 0x0000000087c00000, 0x00000000d5580000)
  object space 126976K, 99% used [0x0000000080000000,0x0000000087bdda58,0x0000000087c00000)
 Metaspace       used 75304K, committed 76928K, reserved 1179648K
  class space    used 8364K, committed 9088K, reserved 1048576K
}
Event: 267.224 GC heap before
{Heap before GC invocations=97 (full 3):
 PSYoungGen      total 4096K, used 3648K [0x00000000d5580000, 0x00000000d5b00000, 0x0000000100000000)
  eden space 2560K, 100% used [0x00000000d5580000,0x00000000d5800000,0x00000000d5800000)
  from space 1536K, 70% used [0x00000000d5800000,0x00000000d5910000,0x00000000d5980000)
  to   space 1536K, 0% used [0x00000000d5980000,0x00000000d5980000,0x00000000d5b00000)
 ParOldGen       total 126976K, used 126838K [0x0000000080000000, 0x0000000087c00000, 0x00000000d5580000)
  object space 126976K, 99% used [0x0000000080000000,0x0000000087bdda58,0x0000000087c00000)
 Metaspace       used 75351K, committed 76992K, reserved 1179648K
  class space    used 8366K, committed 9088K, reserved 1048576K
}
Event: 267.228 GC heap after
{Heap after GC invocations=97 (full 3):
 PSYoungGen      total 3072K, used 475K [0x00000000d5580000, 0x00000000d5a00000, 0x0000000100000000)
  eden space 2560K, 0% used [0x00000000d5580000,0x00000000d5580000,0x00000000d5800000)
  from space 512K, 92% used [0x00000000d5980000,0x00000000d59f6c08,0x00000000d5a00000)
  to   space 1024K, 0% used [0x00000000d5800000,0x00000000d5800000,0x00000000d5900000)
 ParOldGen       total 127488K, used 127027K [0x0000000080000000, 0x0000000087c80000, 0x00000000d5580000)
  object space 127488K, 99% used [0x0000000080000000,0x0000000087c0cd48,0x0000000087c80000)
 Metaspace       used 75351K, committed 76992K, reserved 1179648K
  class space    used 8366K, committed 9088K, reserved 1048576K
}
Event: 267.265 GC heap before
{Heap before GC invocations=98 (full 3):
 PSYoungGen      total 3072K, used 3035K [0x00000000d5580000, 0x00000000d5a00000, 0x0000000100000000)
  eden space 2560K, 100% used [0x00000000d5580000,0x00000000d5800000,0x00000000d5800000)
  from space 512K, 92% used [0x00000000d5980000,0x00000000d59f6c08,0x00000000d5a00000)
  to   space 1024K, 0% used [0x00000000d5800000,0x00000000d5800000,0x00000000d5900000)
 ParOldGen       total 127488K, used 127027K [0x0000000080000000, 0x0000000087c80000, 0x00000000d5580000)
  object space 127488K, 99% used [0x0000000080000000,0x0000000087c0cd48,0x0000000087c80000)
 Metaspace       used 75358K, committed 76992K, reserved 1179648K
  class space    used 8367K, committed 9088K, reserved 1048576K
}
Event: 267.269 GC heap after
{Heap after GC invocations=98 (full 3):
 PSYoungGen      total 3584K, used 1002K [0x00000000d5580000, 0x00000000d5e00000, 0x0000000100000000)
  eden space 2560K, 0% used [0x00000000d5580000,0x00000000d5580000,0x00000000d5800000)
  from space 1024K, 97% used [0x00000000d5800000,0x00000000d58fab80,0x00000000d5900000)
  to   space 3072K, 0% used [0x00000000d5b00000,0x00000000d5b00000,0x00000000d5e00000)
 ParOldGen       total 128512K, used 128459K [0x0000000080000000, 0x0000000087d80000, 0x00000000d5580000)
  object space 128512K, 99% used [0x0000000080000000,0x0000000087d72dc8,0x0000000087d80000)
 Metaspace       used 75358K, committed 76992K, reserved 1179648K
  class space    used 8367K, committed 9088K, reserved 1048576K
}
Event: 267.301 GC heap before
{Heap before GC invocations=99 (full 3):
 PSYoungGen      total 3584K, used 3562K [0x00000000d5580000, 0x00000000d5e00000, 0x0000000100000000)
  eden space 2560K, 100% used [0x00000000d5580000,0x00000000d5800000,0x00000000d5800000)
  from space 1024K, 97% used [0x00000000d5800000,0x00000000d58fab80,0x00000000d5900000)
  to   space 3072K, 0% used [0x00000000d5b00000,0x00000000d5b00000,0x00000000d5e00000)
 ParOldGen       total 128512K, used 128459K [0x0000000080000000, 0x0000000087d80000, 0x00000000d5580000)
  object space 128512K, 99% used [0x0000000080000000,0x0000000087d72dc8,0x0000000087d80000)
 Metaspace       used 75360K, committed 76992K, reserved 1179648K
  class space    used 8367K, committed 9088K, reserved 1048576K
}
Event: 267.310 GC heap after
{Heap after GC invocations=99 (full 3):
 PSYoungGen      total 5632K, used 2506K [0x00000000d5580000, 0x00000000d5e00000, 0x0000000100000000)
  eden space 2560K, 0% used [0x00000000d5580000,0x00000000d5580000,0x00000000d5800000)
  from space 3072K, 81% used [0x00000000d5b00000,0x00000000d5d72800,0x00000000d5e00000)
  to   space 3072K, 0% used [0x00000000d5800000,0x00000000d5800000,0x00000000d5b00000)
 ParOldGen       total 129536K, used 129382K [0x0000000080000000, 0x0000000087e80000, 0x00000000d5580000)
  object space 129536K, 99% used [0x0000000080000000,0x0000000087e59958,0x0000000087e80000)
 Metaspace       used 75360K, committed 76992K, reserved 1179648K
  class space    used 8367K, committed 9088K, reserved 1048576K
}
Event: 267.330 GC heap before
{Heap before GC invocations=100 (full 3):
 PSYoungGen      total 5632K, used 5066K [0x00000000d5580000, 0x00000000d5e00000, 0x0000000100000000)
  eden space 2560K, 100% used [0x00000000d5580000,0x00000000d5800000,0x00000000d5800000)
  from space 3072K, 81% used [0x00000000d5b00000,0x00000000d5d72800,0x00000000d5e00000)
  to   space 3072K, 0% used [0x00000000d5800000,0x00000000d5800000,0x00000000d5b00000)
 ParOldGen       total 129536K, used 129382K [0x0000000080000000, 0x0000000087e80000, 0x00000000d5580000)
  object space 129536K, 99% used [0x0000000080000000,0x0000000087e59958,0x0000000087e80000)
 Metaspace       used 75363K, committed 76992K, reserved 1179648K
  class space    used 8367K, committed 9088K, reserved 1048576K
}
Event: 267.341 GC heap after
{Heap after GC invocations=100 (full 3):
 PSYoungGen      total 5120K, used 2464K [0x00000000d5580000, 0x00000000d5d00000, 0x0000000100000000)
  eden space 2560K, 0% used [0x00000000d5580000,0x00000000d5580000,0x00000000d5800000)
  from space 2560K, 96% used [0x00000000d5800000,0x00000000d5a68000,0x00000000d5a80000)
  to   space 2560K, 0% used [0x00000000d5a80000,0x00000000d5a80000,0x00000000d5d00000)
 ParOldGen       total 132096K, used 131745K [0x0000000080000000, 0x0000000088100000, 0x00000000d5580000)
  object space 132096K, 99% used [0x0000000080000000,0x00000000880a8558,0x0000000088100000)
 Metaspace       used 75363K, committed 76992K, reserved 1179648K
  class space    used 8367K, committed 9088K, reserved 1048576K
}
Event: 267.386 GC heap before
{Heap before GC invocations=101 (full 3):
 PSYoungGen      total 5120K, used 5023K [0x00000000d5580000, 0x00000000d5d00000, 0x0000000100000000)
  eden space 2560K, 99% used [0x00000000d5580000,0x00000000d57fff70,0x00000000d5800000)
  from space 2560K, 96% used [0x00000000d5800000,0x00000000d5a68000,0x00000000d5a80000)
  to   space 2560K, 0% used [0x00000000d5a80000,0x00000000d5a80000,0x00000000d5d00000)
 ParOldGen       total 132096K, used 131745K [0x0000000080000000, 0x0000000088100000, 0x00000000d5580000)
  object space 132096K, 99% used [0x0000000080000000,0x00000000880a8558,0x0000000088100000)
 Metaspace       used 75376K, committed 76992K, reserved 1179648K
  class space    used 8367K, committed 9088K, reserved 1048576K
}
Event: 267.393 GC heap after
{Heap after GC invocations=101 (full 3):
 PSYoungGen      total 5120K, used 2048K [0x00000000d5580000, 0x00000000d5d00000, 0x0000000100000000)
  eden space 2560K, 0% used [0x00000000d5580000,0x00000000d5580000,0x00000000d5800000)
  from space 2560K, 80% used [0x00000000d5a80000,0x00000000d5c80000,0x00000000d5d00000)
  to   space 2560K, 0% used [0x00000000d5800000,0x00000000d5800000,0x00000000d5a80000)
 ParOldGen       total 134144K, used 134127K [0x0000000080000000, 0x0000000088300000, 0x00000000d5580000)
  object space 134144K, 99% used [0x0000000080000000,0x00000000882fbd48,0x0000000088300000)
 Metaspace       used 75376K, committed 76992K, reserved 1179648K
  class space    used 8367K, committed 9088K, reserved 1048576K
}
Event: 267.441 GC heap before
{Heap before GC invocations=102 (full 3):
 PSYoungGen      total 5120K, used 4608K [0x00000000d5580000, 0x00000000d5d00000, 0x0000000100000000)
  eden space 2560K, 100% used [0x00000000d5580000,0x00000000d5800000,0x00000000d5800000)
  from space 2560K, 80% used [0x00000000d5a80000,0x00000000d5c80000,0x00000000d5d00000)
  to   space 2560K, 0% used [0x00000000d5800000,0x00000000d5800000,0x00000000d5a80000)
 ParOldGen       total 134144K, used 134127K [0x0000000080000000, 0x0000000088300000, 0x00000000d5580000)
  object space 134144K, 99% used [0x0000000080000000,0x00000000882fbd48,0x0000000088300000)
 Metaspace       used 75378K, committed 76992K, reserved 1179648K
  class space    used 8367K, committed 9088K, reserved 1048576K
}
Event: 267.448 GC heap after
{Heap after GC invocations=102 (full 3):
 PSYoungGen      total 5120K, used 2256K [0x00000000d5580000, 0x00000000d5d00000, 0x0000000100000000)
  eden space 2560K, 0% used [0x00000000d5580000,0x00000000d5580000,0x00000000d5800000)
  from space 2560K, 88% used [0x00000000d5800000,0x00000000d5a34078,0x00000000d5a80000)
  to   space 2560K, 0% used [0x00000000d5a80000,0x00000000d5a80000,0x00000000d5d00000)
 ParOldGen       total 136192K, used 136047K [0x0000000080000000, 0x0000000088500000, 0x00000000d5580000)
  object space 136192K, 99% used [0x0000000080000000,0x00000000884dbd48,0x0000000088500000)
 Metaspace       used 75378K, committed 76992K, reserved 1179648K
  class space    used 8367K, committed 9088K, reserved 1048576K
}
Event: 380.109 GC heap before
{Heap before GC invocations=103 (full 3):
 PSYoungGen      total 5120K, used 4816K [0x00000000d5580000, 0x00000000d5d00000, 0x0000000100000000)
  eden space 2560K, 99% used [0x00000000d5580000,0x00000000d57fffd8,0x00000000d5800000)
  from space 2560K, 88% used [0x00000000d5800000,0x00000000d5a34078,0x00000000d5a80000)
  to   space 2560K, 0% used [0x00000000d5a80000,0x00000000d5a80000,0x00000000d5d00000)
 ParOldGen       total 136192K, used 136047K [0x0000000080000000, 0x0000000088500000, 0x00000000d5580000)
  object space 136192K, 99% used [0x0000000080000000,0x00000000884dbd48,0x0000000088500000)
 Metaspace       used 75392K, committed 76992K, reserved 1179648K
  class space    used 8368K, committed 9088K, reserved 1048576K
}
Event: 380.112 GC heap after
{Heap after GC invocations=103 (full 3):
 PSYoungGen      total 5120K, used 2080K [0x00000000d5580000, 0x00000000d5d00000, 0x0000000100000000)
  eden space 2560K, 0% used [0x00000000d5580000,0x00000000d5580000,0x00000000d5800000)
  from space 2560K, 81% used [0x00000000d5a80000,0x00000000d5c88000,0x00000000d5d00000)
  to   space 2560K, 0% used [0x00000000d5800000,0x00000000d5800000,0x00000000d5a80000)
 ParOldGen       total 138240K, used 138103K [0x0000000080000000, 0x0000000088700000, 0x00000000d5580000)
  object space 138240K, 99% used [0x0000000080000000,0x00000000886ddd48,0x0000000088700000)
 Metaspace       used 75392K, committed 76992K, reserved 1179648K
  class space    used 8368K, committed 9088K, reserved 1048576K
}
Event: 549.235 GC heap before
{Heap before GC invocations=104 (full 3):
 PSYoungGen      total 5120K, used 4639K [0x00000000d5580000, 0x00000000d5d00000, 0x0000000100000000)
  eden space 2560K, 99% used [0x00000000d5580000,0x00000000d57ffff8,0x00000000d5800000)
  from space 2560K, 81% used [0x00000000d5a80000,0x00000000d5c88000,0x00000000d5d00000)
  to   space 2560K, 0% used [0x00000000d5800000,0x00000000d5800000,0x00000000d5a80000)
 ParOldGen       total 138240K, used 138103K [0x0000000080000000, 0x0000000088700000, 0x00000000d5580000)
  object space 138240K, 99% used [0x0000000080000000,0x00000000886ddd48,0x0000000088700000)
 Metaspace       used 75604K, committed 77184K, reserved 1179648K
  class space    used 8392K, committed 9088K, reserved 1048576K
}
Event: 549.243 GC heap after
{Heap after GC invocations=104 (full 3):
 PSYoungGen      total 3072K, used 352K [0x00000000d5580000, 0x00000000d5b00000, 0x0000000100000000)
  eden space 2560K, 0% used [0x00000000d5580000,0x00000000d5580000,0x00000000d5800000)
  from space 512K, 68% used [0x00000000d5800000,0x00000000d5858000,0x00000000d5880000)
  to   space 1024K, 0% used [0x00000000d5a00000,0x00000000d5a00000,0x00000000d5b00000)
 ParOldGen       total 140288K, used 140119K [0x0000000080000000, 0x0000000088900000, 0x00000000d5580000)
  object space 140288K, 99% used [0x0000000080000000,0x00000000888d5d48,0x0000000088900000)
 Metaspace       used 75604K, committed 77184K, reserved 1179648K
  class space    used 8392K, committed 9088K, reserved 1048576K
}
Event: 10282.264 GC heap before
{Heap before GC invocations=105 (full 3):
 PSYoungGen      total 3072K, used 2912K [0x00000000d5580000, 0x00000000d5b00000, 0x0000000100000000)
  eden space 2560K, 100% used [0x00000000d5580000,0x00000000d5800000,0x00000000d5800000)
  from space 512K, 68% used [0x00000000d5800000,0x00000000d5858000,0x00000000d5880000)
  to   space 1024K, 0% used [0x00000000d5a00000,0x00000000d5a00000,0x00000000d5b00000)
 ParOldGen       total 140288K, used 140119K [0x0000000080000000, 0x0000000088900000, 0x00000000d5580000)
  object space 140288K, 99% used [0x0000000080000000,0x00000000888d5d48,0x0000000088900000)
 Metaspace       used 75708K, committed 77312K, reserved 1179648K
  class space    used 8397K, committed 9088K, reserved 1048576K
}
Event: 10282.428 GC heap after
{Heap after GC invocations=105 (full 3):
 PSYoungGen      total 3072K, used 320K [0x00000000d5580000, 0x00000000d5a80000, 0x0000000100000000)
  eden space 2560K, 0% used [0x00000000d5580000,0x00000000d5580000,0x00000000d5800000)
  from space 512K, 62% used [0x00000000d5a00000,0x00000000d5a50000,0x00000000d5a80000)
  to   space 512K, 0% used [0x00000000d5800000,0x00000000d5800000,0x00000000d5880000)
 ParOldGen       total 140800K, used 140311K [0x0000000080000000, 0x0000000088980000, 0x00000000d5580000)
  object space 140800K, 99% used [0x0000000080000000,0x0000000088905d48,0x0000000088980000)
 Metaspace       used 75708K, committed 77312K, reserved 1179648K
  class space    used 8397K, committed 9088K, reserved 1048576K
}

